[2025-10-07 22:19:42] ✅ Folder creation success → Folder created successfully | scopedPath=uploads/staff/2/Folder A | {"basePath":"C:\\buroles\\workspace\\buroles_system\\helpers/../uploads/staff/2","relativePath":"Folder A"}
[2025-10-07 22:21:40] ✅ Folder creation success → Folder created successfully | scopedPath=uploads/staff/2/Folder B/Folder 1 | {"basePath":"C:\\buroles\\workspace\\buroles_system\\helpers/../uploads/staff/2","relativePath":"Folder B/Folder 1"}
[2025-10-07 22:23:14] ✅ Folder creation success → Attempting deletion | scopedPath=uploads/staff/2/Folder A | {"type":"folder","targetPath":"C:\\buroles\\workspace\\buroles_system\\helpers/../uploads/staff/2\\Folder A"}
[2025-10-07 22:23:14] ✅ Folder creation success → Folder and contents deleted successfully | scopedPath=uploads/staff/2/Folder A | {"targetPath":"C:\\buroles\\workspace\\buroles_system\\helpers/../uploads/staff/2\\Folder A"}
[2025-10-07 22:23:14] ✅ Folder creation success → Redirecting after deletion | scopedPath=N/A | {"deletedPath":"Folder A","redirectTo":""}
[2025-10-07 22:23:43] ✅ Folder creation success → Folder created successfully | scopedPath=uploads/staff/2/Folder A | {"basePath":"C:\\buroles\\workspace\\buroles_system\\helpers/../uploads/staff/2","relativePath":"Folder A"}
[2025-10-07 22:23:48] ✅ Folder creation success → Folder created successfully | scopedPath=uploads/staff/2/Folder A/Folder B | {"basePath":"C:\\buroles\\workspace\\buroles_system\\helpers/../uploads/staff/2","relativePath":"Folder A/Folder B"}
[2025-10-07 22:24:05] ✅ Folder creation success → Attempting deletion | scopedPath=uploads/staff/2/Folder Aasda | {"type":"folder","targetPath":"C:\\buroles\\workspace\\buroles_system\\helpers/../uploads/staff/2\\Folder Aasda"}
[2025-10-07 22:24:05] ✅ Folder creation success → Folder and contents deleted successfully | scopedPath=uploads/staff/2/Folder Aasda | {"targetPath":"C:\\buroles\\workspace\\buroles_system\\helpers/../uploads/staff/2\\Folder Aasda"}
[2025-10-07 22:24:05] ✅ Folder creation success → Redirecting after deletion | scopedPath=N/A | {"deletedPath":"Folder Aasda","redirectTo":""}
[2025-10-07 22:24:09] ✅ Folder creation success → Folder created successfully | scopedPath=uploads/staff/2/Folder A | {"basePath":"C:\\buroles\\workspace\\buroles_system\\helpers/../uploads/staff/2","relativePath":"Folder A"}
[2025-10-07 22:24:13] ✅ Folder creation success → Folder created successfully | scopedPath=uploads/staff/2/Folder A/asda | {"basePath":"C:\\buroles\\workspace\\buroles_system\\helpers/../uploads/staff/2","relativePath":"Folder A/asda"}
[2025-10-07 22:27:26] ✅ Folder creation success → Attempting deletion | scopedPath=uploads/staff/2/Folder Aasdsad | {"type":"folder","targetPath":"C:\\buroles\\workspace\\buroles_system\\helpers/../uploads/staff/2\\Folder Aasdsad"}
[2025-10-07 22:27:26] ✅ Folder creation success → Folder and contents deleted successfully | scopedPath=uploads/staff/2/Folder Aasdsad | {"targetPath":"C:\\buroles\\workspace\\buroles_system\\helpers/../uploads/staff/2\\Folder Aasdsad"}
[2025-10-07 22:27:26] ✅ Folder creation success → Redirecting after deletion | scopedPath=N/A | {"deletedPath":"Folder Aasdsad","redirectTo":""}
[2025-10-07 22:27:42] ✅ Folder creation success → Folder created successfully | scopedPath=uploads/staff/2/Folder A | {"basePath":"C:\\buroles\\workspace\\buroles_system\\helpers/../uploads/staff/2","relativePath":"Folder A"}
[2025-10-07 22:59:06] ✅ Folder creation success → Attempting deletion | scopedPath=uploads/staff/2/Folder As2sada | {"type":"folder","targetPath":"C:\\buroles\\workspace\\buroles_system\\helpers/../uploads/staff/2\\Folder As2sada"}
[2025-10-07 22:59:06] ✅ Folder creation success → Folder and contents deleted successfully | scopedPath=uploads/staff/2/Folder As2sada | {"targetPath":"C:\\buroles\\workspace\\buroles_system\\helpers/../uploads/staff/2\\Folder As2sada"}
[2025-10-07 22:59:06] ✅ Folder creation success → Redirecting after deletion | scopedPath=N/A | {"deletedPath":"Folder As2sada","redirectTo":""}
[2025-10-07 22:59:09] ✅ Folder creation success → Attempting deletion | scopedPath=uploads/staff/2/uploads | {"type":"folder","targetPath":"C:\\buroles\\workspace\\buroles_system\\helpers/../uploads/staff/2\\uploads"}
[2025-10-07 22:59:09] ✅ Folder creation success → Folder and contents deleted successfully | scopedPath=uploads/staff/2/uploads | {"targetPath":"C:\\buroles\\workspace\\buroles_system\\helpers/../uploads/staff/2\\uploads"}
[2025-10-07 22:59:09] ✅ Folder creation success → Redirecting after deletion | scopedPath=N/A | {"deletedPath":"uploads","redirectTo":""}
[2025-10-07 22:59:21] ✅ Folder creation success → Folder created successfully | scopedPath=uploads/staff/2/Folder A | {"basePath":"C:\\buroles\\workspace\\buroles_system\\helpers/../uploads/staff/2","relativePath":"Folder A"}
[2025-10-07 23:01:53] ✅ Folder creation success → Folder created successfully | scopedPath=uploads/staff/2/Folder Asss/sd | {"basePath":"C:\\buroles\\workspace\\buroles_system\\helpers/../uploads/staff/2","relativePath":"Folder Asss/sd"}
[2025-10-07 23:02:24] ✅ Folder creation success → Attempting deletion | scopedPath=uploads/staff/2/Folder Asss2 | {"type":"folder","targetPath":"C:\\buroles\\workspace\\buroles_system\\helpers/../uploads/staff/2\\Folder Asss2"}
[2025-10-07 23:02:24] ✅ Folder creation success → Folder and contents deleted successfully | scopedPath=uploads/staff/2/Folder Asss2 | {"targetPath":"C:\\buroles\\workspace\\buroles_system\\helpers/../uploads/staff/2\\Folder Asss2"}
[2025-10-07 23:02:24] ✅ Folder creation success → Redirecting after deletion | scopedPath=N/A | {"deletedPath":"Folder Asss2","redirectTo":""}
[2025-10-07 23:02:27] ✅ Folder creation success → Folder created successfully | scopedPath=uploads/staff/2/ada | {"basePath":"C:\\buroles\\workspace\\buroles_system\\helpers/../uploads/staff/2","relativePath":"ada"}
[2025-10-07 23:05:24] ✅ Folder creation success → Attempting deletion | scopedPath=uploads/staff/2/uploads | {"type":"folder","targetPath":"C:\\buroles\\workspace\\buroles_system\\helpers/../uploads/staff/2\\uploads"}
[2025-10-07 23:05:24] ✅ Folder creation success → Folder and contents deleted successfully | scopedPath=uploads/staff/2/uploads | {"targetPath":"C:\\buroles\\workspace\\buroles_system\\helpers/../uploads/staff/2\\uploads"}
[2025-10-07 23:05:24] ✅ Folder creation success → Redirecting after deletion | scopedPath=N/A | {"deletedPath":"uploads","redirectTo":""}
[2025-10-07 23:05:29] ✅ Folder creation success → Folder created successfully | scopedPath=uploads/staff/2/adass/asda | {"basePath":"C:\\buroles\\workspace\\buroles_system\\helpers/../uploads/staff/2","relativePath":"adass/asda"}
[2025-10-07 23:06:03] ✅ Folder creation success → Attempting deletion | scopedPath=uploads/staff/2/adass2 | {"type":"folder","targetPath":"C:\\buroles\\workspace\\buroles_system\\helpers/../uploads/staff/2\\adass2"}
[2025-10-07 23:06:03] ✅ Folder creation success → Folder and contents deleted successfully | scopedPath=uploads/staff/2/adass2 | {"targetPath":"C:\\buroles\\workspace\\buroles_system\\helpers/../uploads/staff/2\\adass2"}
[2025-10-07 23:06:03] ✅ Folder creation success → Redirecting after deletion | scopedPath=N/A | {"deletedPath":"adass2","redirectTo":""}
[2025-10-07 23:06:13] ✅ Folder creation success → Folder created successfully | scopedPath=uploads/staff/2/f | {"basePath":"C:\\buroles\\workspace\\buroles_system\\helpers/../uploads/staff/2","relativePath":"f"}
[2025-10-07 23:06:36] ✅ Folder creation success → Folder created successfully | scopedPath=uploads/staff/2/Folder A/Folder B | {"basePath":"C:\\buroles\\workspace\\buroles_system\\helpers/../uploads/staff/2","relativePath":"Folder A/Folder B"}
[2025-10-07 23:06:47] ✅ Folder creation success → Folder created successfully | scopedPath=uploads/staff/2/Folder A/Folder B/Folder C | {"basePath":"C:\\buroles\\workspace\\buroles_system\\helpers/../uploads/staff/2","relativePath":"Folder A/Folder B/Folder C"}
[2025-10-07 23:13:02] ✅ Folder creation success → Folder created successfully | scopedPath=uploads/staff/2/uploads/staff/2/Folder Aad/Folder Bibi/Folder C/asss | {"basePath":"C:\\buroles\\workspace\\buroles_system\\helpers/../uploads/staff/2","relativePath":"uploads/staff/2/Folder Aad/Folder Bibi/Folder C/asss"}
[2025-10-07 23:13:28] ✅ Folder creation success → Folder created successfully | scopedPath=uploads/staff/2/uploads/staff/2/Folder Aad/Folder Bibi/Folder C/asdad | {"basePath":"C:\\buroles\\workspace\\buroles_system\\helpers/../uploads/staff/2","relativePath":"uploads/staff/2/Folder Aad/Folder Bibi/Folder C/asdad"}
[2025-10-07 23:20:08] ✅ Folder creation success → Folder created successfully | scopedPath=uploads/staff/2/Folder Aad/Folder Bibi/Folder C/asd | {"basePath":"C:\\buroles\\workspace\\buroles_system\\helpers/../uploads/staff/2","relativePath":"Folder Aad/Folder Bibi/Folder C/asd"}
[2025-10-07 23:20:39] ✅ Folder creation success → Attempting deletion | scopedPath=uploads/staff/2/Folder Aad | {"type":"folder","targetPath":"C:\\buroles\\workspace\\buroles_system\\helpers/../uploads/staff/2\\Folder Aad"}
[2025-10-07 23:20:39] ✅ Folder creation success → Folder and contents deleted successfully | scopedPath=uploads/staff/2/Folder Aad | {"targetPath":"C:\\buroles\\workspace\\buroles_system\\helpers/../uploads/staff/2\\Folder Aad"}
[2025-10-07 23:20:39] ✅ Folder creation success → Redirecting after deletion | scopedPath=N/A | {"deletedPath":"Folder Aad","redirectTo":""}
[2025-10-07 23:20:41] ✅ Folder creation success → Attempting deletion | scopedPath=uploads/staff/2/uploads | {"type":"folder","targetPath":"C:\\buroles\\workspace\\buroles_system\\helpers/../uploads/staff/2\\uploads"}
[2025-10-07 23:20:41] ✅ Folder creation success → Folder and contents deleted successfully | scopedPath=uploads/staff/2/uploads | {"targetPath":"C:\\buroles\\workspace\\buroles_system\\helpers/../uploads/staff/2\\uploads"}
[2025-10-07 23:20:41] ✅ Folder creation success → Redirecting after deletion | scopedPath=N/A | {"deletedPath":"uploads","redirectTo":""}
[2025-10-07 23:20:44] ✅ Folder creation success → Folder created successfully | scopedPath=uploads/staff/2/Folder A | {"basePath":"C:\\buroles\\workspace\\buroles_system\\helpers/../uploads/staff/2","relativePath":"Folder A"}
[2025-10-07 23:20:57] ✅ Folder creation success → Folder created successfully | scopedPath=uploads/staff/2/Folder A/Folder B | {"basePath":"C:\\buroles\\workspace\\buroles_system\\helpers/../uploads/staff/2","relativePath":"Folder A/Folder B"}
[2025-10-07 23:21:02] ✅ Folder creation success → Folder created successfully | scopedPath=uploads/staff/2/Folder A/Folder B/Folder C | {"basePath":"C:\\buroles\\workspace\\buroles_system\\helpers/../uploads/staff/2","relativePath":"Folder A/Folder B/Folder C"}
[2025-10-07 23:21:08] ✅ Folder creation success → Folder created successfully | scopedPath=uploads/staff/2/Folder A/Folder B/Folder C/Folder D | {"basePath":"C:\\buroles\\workspace\\buroles_system\\helpers/../uploads/staff/2","relativePath":"Folder A/Folder B/Folder C/Folder D"}
[2025-10-07 23:21:16] ✅ Folder creation success → Folder created successfully | scopedPath=uploads/staff/2/Folder A/Folder B/Folder C/Folder D/Folder E | {"basePath":"C:\\buroles\\workspace\\buroles_system\\helpers/../uploads/staff/2","relativePath":"Folder A/Folder B/Folder C/Folder D/Folder E"}
[2025-10-07 23:21:26] ✅ Folder creation success → Folder created successfully | scopedPath=uploads/staff/2/Folder A/Folder B/Folder C/Folder D/Folder E/Folder F | {"basePath":"C:\\buroles\\workspace\\buroles_system\\helpers/../uploads/staff/2","relativePath":"Folder A/Folder B/Folder C/Folder D/Folder E/Folder F"}
[2025-10-07 23:21:39] ✅ Folder creation success → Folder created successfully | scopedPath=uploads/staff/2/Folder A/Folder B/Folder C/Folder D/Folder E/Folder F/Folder G | {"basePath":"C:\\buroles\\workspace\\buroles_system\\helpers/../uploads/staff/2","relativePath":"Folder A/Folder B/Folder C/Folder D/Folder E/Folder F/Folder G"}
[2025-10-07 23:21:46] ✅ Folder creation success → Folder created successfully | scopedPath=uploads/staff/2/Folder A/Folder B/Folder C/Folder D/Folder E/Folder F/Folder G/Folder H | {"basePath":"C:\\buroles\\workspace\\buroles_system\\helpers/../uploads/staff/2","relativePath":"Folder A/Folder B/Folder C/Folder D/Folder E/Folder F/Folder G/Folder H"}
[2025-10-07 23:21:53] ✅ Folder creation success → Folder created successfully | scopedPath=uploads/staff/2/Folder A/Folder B/Folder C/Folder D/Folder E/Folder F/Folder G/Folder H/Folder I | {"basePath":"C:\\buroles\\workspace\\buroles_system\\helpers/../uploads/staff/2","relativePath":"Folder A/Folder B/Folder C/Folder D/Folder E/Folder F/Folder G/Folder H/Folder I"}
[2025-10-07 23:22:00] ✅ Folder creation success → Folder created successfully | scopedPath=uploads/staff/2/Folder A/Folder B/Folder C/Folder D/Folder E/Folder F/Folder G/Folder H/Folder I/Folder J | {"basePath":"C:\\buroles\\workspace\\buroles_system\\helpers/../uploads/staff/2","relativePath":"Folder A/Folder B/Folder C/Folder D/Folder E/Folder F/Folder G/Folder H/Folder I/Folder J"}
[2025-10-07 23:22:07] ✅ Folder creation success → Folder created successfully | scopedPath=uploads/staff/2/Folder A/Folder B/Folder C/Folder D/Folder E/Folder F/Folder G/Folder H/Folder I/Folder J/Folder K | {"basePath":"C:\\buroles\\workspace\\buroles_system\\helpers/../uploads/staff/2","relativePath":"Folder A/Folder B/Folder C/Folder D/Folder E/Folder F/Folder G/Folder H/Folder I/Folder J/Folder K"}
[2025-10-07 23:22:13] ✅ Folder creation success → Folder created successfully | scopedPath=uploads/staff/2/Folder A/Folder B/Folder C/Folder D/Folder E/Folder F/Folder G/Folder H/Folder I/Folder J/Folder K/Folder L | {"basePath":"C:\\buroles\\workspace\\buroles_system\\helpers/../uploads/staff/2","relativePath":"Folder A/Folder B/Folder C/Folder D/Folder E/Folder F/Folder G/Folder H/Folder I/Folder J/Folder K/Folder L"}
[2025-10-07 23:22:19] ✅ Folder creation success → Folder created successfully | scopedPath=uploads/staff/2/Folder A/Folder B/Folder C/Folder D/Folder E/Folder F/Folder G/Folder H/Folder I/Folder J/Folder K/Folder L/Folder M | {"basePath":"C:\\buroles\\workspace\\buroles_system\\helpers/../uploads/staff/2","relativePath":"Folder A/Folder B/Folder C/Folder D/Folder E/Folder F/Folder G/Folder H/Folder I/Folder J/Folder K/Folder L/Folder M"}
[2025-10-07 23:23:02] ✅ Folder creation success → Attempting deletion | scopedPath=uploads/staff/2/Folder A/Folder B/Folder C/Folder D/Folder E/Folder F/Folder G/Folder H/Folder I/Folder J/Folder K/Folder L/logo for BESIMS Bur.png | {"type":"file","targetPath":"C:\\buroles\\workspace\\buroles_system\\helpers/../uploads/staff/2\\Folder A\\Folder B\\Folder C\\Folder D\\Folder E\\Folder F\\Folder G\\Folder H\\Folder I\\Folder J\\Folder K\\Folder L\\logo for BESIMS Bur.png"}
[2025-10-07 23:23:02] ✅ Folder creation success → File deleted successfully | scopedPath=uploads/staff/2/Folder A/Folder B/Folder C/Folder D/Folder E/Folder F/Folder G/Folder H/Folder I/Folder J/Folder K/Folder L/logo for BESIMS Bur.png | {"targetPath":"C:\\buroles\\workspace\\buroles_system\\helpers/../uploads/staff/2\\Folder A\\Folder B\\Folder C\\Folder D\\Folder E\\Folder F\\Folder G\\Folder H\\Folder I\\Folder J\\Folder K\\Folder L\\logo for BESIMS Bur.png"}
[2025-10-07 23:23:02] ✅ Folder creation success → Redirecting after deletion | scopedPath=N/A | {"deletedPath":"Folder A/Folder B/Folder C/Folder D/Folder E/Folder F/Folder G/Folder H/Folder I/Folder J/Folder K/Folder L/logo for BESIMS Bur.png","redirectTo":"Folder A/Folder B/Folder C/Folder D/Folder E/Folder F/Folder G/Folder H/Folder I/Folder J/Folder K/Folder L"}
[2025-10-07 23:23:36] ✅ Folder creation success → Folder created successfully | scopedPath=uploads/staff/2/Folder A/Folder B/Folder C/Folder D/Folder E/Folder F/Folder G/Folder H/Folder I/Folder J/Folder K/Folder L/Folder M/Folder N | {"basePath":"C:\\buroles\\workspace\\buroles_system\\helpers/../uploads/staff/2","relativePath":"Folder A/Folder B/Folder C/Folder D/Folder E/Folder F/Folder G/Folder H/Folder I/Folder J/Folder K/Folder L/Folder M/Folder N"}
[2025-10-07 23:27:45] ✅ Folder creation success → Attempting deletion | scopedPath=uploads/staff/2/Folder A/Folder B/Folder C/Folder D/Folder E/Folder F/Folder G/Folder H/Folder I/Folder J/Folder K/Folder L/Folder Mi/Buroles.jpg | {"type":"file","targetPath":"C:\\buroles\\workspace\\buroles_system\\helpers/../uploads/staff/2\\Folder A\\Folder B\\Folder C\\Folder D\\Folder E\\Folder F\\Folder G\\Folder H\\Folder I\\Folder J\\Folder K\\Folder L\\Folder Mi\\Buroles.jpg"}
[2025-10-07 23:27:45] ✅ Folder creation success → File deleted successfully | scopedPath=uploads/staff/2/Folder A/Folder B/Folder C/Folder D/Folder E/Folder F/Folder G/Folder H/Folder I/Folder J/Folder K/Folder L/Folder Mi/Buroles.jpg | {"targetPath":"C:\\buroles\\workspace\\buroles_system\\helpers/../uploads/staff/2\\Folder A\\Folder B\\Folder C\\Folder D\\Folder E\\Folder F\\Folder G\\Folder H\\Folder I\\Folder J\\Folder K\\Folder L\\Folder Mi\\Buroles.jpg"}
[2025-10-07 23:27:45] ✅ Folder creation success → Redirecting after deletion | scopedPath=N/A | {"deletedPath":"Folder A/Folder B/Folder C/Folder D/Folder E/Folder F/Folder G/Folder H/Folder I/Folder J/Folder K/Folder L/Folder Mi/Buroles.jpg","redirectTo":"Folder A/Folder B/Folder C/Folder D/Folder E/Folder F/Folder G/Folder H/Folder I/Folder J/Folder K/Folder L/Folder Mi"}
[2025-10-07 23:27:48] ✅ Folder creation success → Attempting deletion | scopedPath=uploads/staff/2/Folder A/Folder B/Folder C/Folder D/Folder E/Folder F/Folder G/Folder H/Folder I/Folder J/Folder K/Folder L/Folder Mi/asdad.pdf | {"type":"file","targetPath":"C:\\buroles\\workspace\\buroles_system\\helpers/../uploads/staff/2\\Folder A\\Folder B\\Folder C\\Folder D\\Folder E\\Folder F\\Folder G\\Folder H\\Folder I\\Folder J\\Folder K\\Folder L\\Folder Mi\\asdad.pdf"}
[2025-10-07 23:27:48] ✅ Folder creation success → File deleted successfully | scopedPath=uploads/staff/2/Folder A/Folder B/Folder C/Folder D/Folder E/Folder F/Folder G/Folder H/Folder I/Folder J/Folder K/Folder L/Folder Mi/asdad.pdf | {"targetPath":"C:\\buroles\\workspace\\buroles_system\\helpers/../uploads/staff/2\\Folder A\\Folder B\\Folder C\\Folder D\\Folder E\\Folder F\\Folder G\\Folder H\\Folder I\\Folder J\\Folder K\\Folder L\\Folder Mi\\asdad.pdf"}
[2025-10-07 23:27:48] ✅ Folder creation success → Redirecting after deletion | scopedPath=N/A | {"deletedPath":"Folder A/Folder B/Folder C/Folder D/Folder E/Folder F/Folder G/Folder H/Folder I/Folder J/Folder K/Folder L/Folder Mi/asdad.pdf","redirectTo":"Folder A/Folder B/Folder C/Folder D/Folder E/Folder F/Folder G/Folder H/Folder I/Folder J/Folder K/Folder L/Folder Mi"}
[2025-10-07 23:27:50] ✅ Folder creation success → Attempting deletion | scopedPath=uploads/staff/2/Folder A/Folder B/Folder C/Folder D/Folder E/Folder F/Folder G/Folder H/Folder I/Folder J/Folder K/Folder L/Folder Mi/Folder Ni | {"type":"folder","targetPath":"C:\\buroles\\workspace\\buroles_system\\helpers/../uploads/staff/2\\Folder A\\Folder B\\Folder C\\Folder D\\Folder E\\Folder F\\Folder G\\Folder H\\Folder I\\Folder J\\Folder K\\Folder L\\Folder Mi\\Folder Ni"}
[2025-10-07 23:27:50] ✅ Folder creation success → Folder and contents deleted successfully | scopedPath=uploads/staff/2/Folder A/Folder B/Folder C/Folder D/Folder E/Folder F/Folder G/Folder H/Folder I/Folder J/Folder K/Folder L/Folder Mi/Folder Ni | {"targetPath":"C:\\buroles\\workspace\\buroles_system\\helpers/../uploads/staff/2\\Folder A\\Folder B\\Folder C\\Folder D\\Folder E\\Folder F\\Folder G\\Folder H\\Folder I\\Folder J\\Folder K\\Folder L\\Folder Mi\\Folder Ni"}
[2025-10-07 23:27:50] ✅ Folder creation success → Redirecting after deletion | scopedPath=N/A | {"deletedPath":"Folder A/Folder B/Folder C/Folder D/Folder E/Folder F/Folder G/Folder H/Folder I/Folder J/Folder K/Folder L/Folder Mi/Folder Ni","redirectTo":"Folder A/Folder B/Folder C/Folder D/Folder E/Folder F/Folder G/Folder H/Folder I/Folder J/Folder K/Folder L/Folder Mi"}
[2025-10-07 23:27:57] ✅ Folder creation success → Attempting deletion | scopedPath=uploads/staff/2/Folder A/Folder B/Folder C | {"type":"folder","targetPath":"C:\\buroles\\workspace\\buroles_system\\helpers/../uploads/staff/2\\Folder A\\Folder B\\Folder C"}
[2025-10-07 23:27:58] ✅ Folder creation success → Folder and contents deleted successfully | scopedPath=uploads/staff/2/Folder A/Folder B/Folder C | {"targetPath":"C:\\buroles\\workspace\\buroles_system\\helpers/../uploads/staff/2\\Folder A\\Folder B\\Folder C"}
[2025-10-07 23:27:58] ✅ Folder creation success → Redirecting after deletion | scopedPath=N/A | {"deletedPath":"Folder A/Folder B/Folder C","redirectTo":"Folder A/Folder B"}
[2025-10-07 23:28:18] ✅ Folder creation success → Attempting deletion | scopedPath=uploads/staff/2/Folder A | {"type":"folder","targetPath":"C:\\buroles\\workspace\\buroles_system\\helpers/../uploads/staff/2\\Folder A"}
[2025-10-07 23:28:18] ✅ Folder creation success → Folder and contents deleted successfully | scopedPath=uploads/staff/2/Folder A | {"targetPath":"C:\\buroles\\workspace\\buroles_system\\helpers/../uploads/staff/2\\Folder A"}
[2025-10-07 23:28:18] ✅ Folder creation success → Redirecting after deletion | scopedPath=N/A | {"deletedPath":"Folder A","redirectTo":""}
[2025-10-08 00:08:56] ✅ Folder creation success → Attempting deletion | scopedPath=uploads/staff/2/Folder 1 | {"type":"folder","targetPath":"C:\\buroles\\workspace\\buroles_system\\helpers/../uploads/staff/2\\Folder 1"}
[2025-10-08 00:08:56] ✅ Folder creation success → Folder and contents deleted successfully | scopedPath=uploads/staff/2/Folder 1 | {"targetPath":"C:\\buroles\\workspace\\buroles_system\\helpers/../uploads/staff/2\\Folder 1"}
[2025-10-08 00:08:56] ✅ Folder creation success → Redirecting after deletion | scopedPath=N/A | {"deletedPath":"Folder 1","redirectTo":""}
[2025-10-08 00:08:58] ✅ Folder creation success → Attempting deletion | scopedPath=uploads/staff/2/Folder 2 | {"type":"folder","targetPath":"C:\\buroles\\workspace\\buroles_system\\helpers/../uploads/staff/2\\Folder 2"}
[2025-10-08 00:08:58] ✅ Folder creation success → Folder and contents deleted successfully | scopedPath=uploads/staff/2/Folder 2 | {"targetPath":"C:\\buroles\\workspace\\buroles_system\\helpers/../uploads/staff/2\\Folder 2"}
[2025-10-08 00:08:58] ✅ Folder creation success → Redirecting after deletion | scopedPath=N/A | {"deletedPath":"Folder 2","redirectTo":""}
[2025-10-08 00:09:17] ✅ Folder creation success → Attempting deletion | scopedPath=uploads/staff/2/Folder 3 | {"type":"folder","targetPath":"C:\\buroles\\workspace\\buroles_system\\helpers/../uploads/staff/2\\Folder 3"}
[2025-10-08 00:09:17] ✅ Folder creation success → Folder and contents deleted successfully | scopedPath=uploads/staff/2/Folder 3 | {"targetPath":"C:\\buroles\\workspace\\buroles_system\\helpers/../uploads/staff/2\\Folder 3"}
[2025-10-08 00:09:17] ✅ Folder creation success → Redirecting after deletion | scopedPath=N/A | {"deletedPath":"Folder 3","redirectTo":""}
[2025-10-08 00:09:20] ✅ Folder creation success → Attempting deletion | scopedPath=uploads/staff/2/Folder 4 | {"type":"folder","targetPath":"C:\\buroles\\workspace\\buroles_system\\helpers/../uploads/staff/2\\Folder 4"}
[2025-10-08 00:09:20] ✅ Folder creation success → Folder and contents deleted successfully | scopedPath=uploads/staff/2/Folder 4 | {"targetPath":"C:\\buroles\\workspace\\buroles_system\\helpers/../uploads/staff/2\\Folder 4"}
[2025-10-08 00:09:20] ✅ Folder creation success → Redirecting after deletion | scopedPath=N/A | {"deletedPath":"Folder 4","redirectTo":""}
[2025-10-08 00:09:23] ✅ Folder creation success → Attempting deletion | scopedPath=uploads/staff/2/Folder A | {"type":"folder","targetPath":"C:\\buroles\\workspace\\buroles_system\\helpers/../uploads/staff/2\\Folder A"}
[2025-10-08 00:09:23] ✅ Folder creation success → Folder and contents deleted successfully | scopedPath=uploads/staff/2/Folder A | {"targetPath":"C:\\buroles\\workspace\\buroles_system\\helpers/../uploads/staff/2\\Folder A"}
[2025-10-08 00:09:23] ✅ Folder creation success → Redirecting after deletion | scopedPath=N/A | {"deletedPath":"Folder A","redirectTo":""}
[2025-10-08 00:09:43] ✅ Folder creation success → Attempting deletion | scopedPath=uploads/staff/2/Folder B | {"type":"folder","targetPath":"C:\\buroles\\workspace\\buroles_system\\helpers/../uploads/staff/2\\Folder B"}
[2025-10-08 00:09:43] ✅ Folder creation success → Folder and contents deleted successfully | scopedPath=uploads/staff/2/Folder B | {"targetPath":"C:\\buroles\\workspace\\buroles_system\\helpers/../uploads/staff/2\\Folder B"}
[2025-10-08 00:09:43] ✅ Folder creation success → Redirecting after deletion | scopedPath=N/A | {"deletedPath":"Folder B","redirectTo":""}
[2025-10-08 00:10:31] ✅ Folder creation success → Folder created successfully | scopedPath=uploads/staff/2/Folder A | {"basePath":"C:\\buroles\\workspace\\buroles_system\\helpers/../uploads/staff/2","relativePath":"Folder A"}
[2025-10-08 00:10:39] ✅ Folder creation success → Attempting deletion | scopedPath=uploads/staff/2/Folder A | {"type":"folder","targetPath":"C:\\buroles\\workspace\\buroles_system\\helpers/../uploads/staff/2\\Folder A"}
[2025-10-08 00:10:39] ✅ Folder creation success → Folder and contents deleted successfully | scopedPath=uploads/staff/2/Folder A | {"targetPath":"C:\\buroles\\workspace\\buroles_system\\helpers/../uploads/staff/2\\Folder A"}
[2025-10-08 00:10:39] ✅ Folder creation success → Redirecting after deletion | scopedPath=N/A | {"deletedPath":"Folder A","redirectTo":""}
[2025-10-08 00:10:42] ✅ Folder creation success → Folder created successfully | scopedPath=uploads/staff/2/Folder A | {"basePath":"C:\\buroles\\workspace\\buroles_system\\helpers/../uploads/staff/2","relativePath":"Folder A"}
[2025-10-08 00:10:47] ✅ Folder creation success → Folder created successfully | scopedPath=uploads/staff/2/Folder A/Folder B | {"basePath":"C:\\buroles\\workspace\\buroles_system\\helpers/../uploads/staff/2","relativePath":"Folder A/Folder B"}
[2025-10-08 00:15:42] ✅ Folder creation success → Attempting deletion | scopedPath=uploads/staff/2/Folder A | {"type":"folder","targetPath":"C:\\buroles\\workspace\\buroles_system\\helpers/../uploads/staff/2\\Folder A"}
[2025-10-08 00:15:42] ✅ Folder creation success → Folder and contents deleted successfully | scopedPath=uploads/staff/2/Folder A | {"targetPath":"C:\\buroles\\workspace\\buroles_system\\helpers/../uploads/staff/2\\Folder A"}
[2025-10-08 00:15:42] ✅ Folder creation success → Redirecting after deletion | scopedPath=N/A | {"deletedPath":"Folder A","redirectTo":""}
[2025-10-08 00:16:04] ✅ Folder creation success → Folder created successfully | scopedPath=uploads/staff/2/Folder A | {"basePath":"C:\\buroles\\workspace\\buroles_system\\helpers/../uploads/staff/2","relativePath":"Folder A"}
[2025-10-08 00:16:20] ✅ Folder creation success → Folder created successfully | scopedPath=uploads/staff/2/Folder A/Folder B | {"basePath":"C:\\buroles\\workspace\\buroles_system\\helpers/../uploads/staff/2","relativePath":"Folder A/Folder B"}
[2025-10-08 00:16:30] ✅ Folder creation success → Attempting deletion | scopedPath=uploads/staff/2/Folder A | {"type":"folder","targetPath":"C:\\buroles\\workspace\\buroles_system\\helpers/../uploads/staff/2\\Folder A"}
[2025-10-08 00:16:30] ✅ Folder creation success → Folder and contents deleted successfully | scopedPath=uploads/staff/2/Folder A | {"targetPath":"C:\\buroles\\workspace\\buroles_system\\helpers/../uploads/staff/2\\Folder A"}
[2025-10-08 00:16:30] ✅ Folder creation success → Redirecting after deletion | scopedPath=N/A | {"deletedPath":"Folder A","redirectTo":""}
[2025-10-08 00:16:36] ✅ Folder creation success → Folder created successfully | scopedPath=uploads/staff/2/Folder A | {"basePath":"C:\\buroles\\workspace\\buroles_system\\helpers/../uploads/staff/2","relativePath":"Folder A"}
[2025-10-08 00:16:40] ✅ Folder creation success → Folder created successfully | scopedPath=uploads/staff/2/Folder A/Folder B | {"basePath":"C:\\buroles\\workspace\\buroles_system\\helpers/../uploads/staff/2","relativePath":"Folder A/Folder B"}
[2025-10-08 00:26:05] ✅ Folder creation success → Attempting deletion | scopedPath=uploads/staff/2/Folder A/buroles.jpg | {"type":"file","targetPath":"C:\\buroles\\workspace\\buroles_system\\helpers/../uploads/staff/2\\Folder A\\buroles.jpg"}
[2025-10-08 00:26:05] ✅ Folder creation success → File deleted successfully | scopedPath=uploads/staff/2/Folder A/buroles.jpg | {"targetPath":"C:\\buroles\\workspace\\buroles_system\\helpers/../uploads/staff/2\\Folder A\\buroles.jpg"}
[2025-10-08 00:26:05] ✅ Folder creation success → Redirecting after deletion | scopedPath=N/A | {"deletedPath":"Folder A/buroles.jpg","redirectTo":"Folder A"}
[2025-10-08 00:26:55] ✅ Folder creation success → Attempting deletion | scopedPath=uploads/staff/2/Folder A | {"type":"folder","targetPath":"C:\\buroles\\workspace\\buroles_system\\helpers/../uploads/staff/2\\Folder A"}
[2025-10-08 00:26:55] ✅ Folder creation success → Folder and contents deleted successfully | scopedPath=uploads/staff/2/Folder A | {"targetPath":"C:\\buroles\\workspace\\buroles_system\\helpers/../uploads/staff/2\\Folder A"}
[2025-10-08 00:26:55] ✅ Folder creation success → Redirecting after deletion | scopedPath=N/A | {"deletedPath":"Folder A","redirectTo":""}
