
[2025-10-05 20:34:50] Folder created → DB: Folder1 | Disk: C:\buroles\workspace\buroles_system\helpers/../uploads/staff/2/Folder1
[2025-10-05 20:43:47] Folder created → DB: Folder A | Disk: C:\buroles\workspace\buroles_system\helpers/../uploads/staff/2/Folder A
[2025-10-05 20:52:38] Folder created → DB: uploads/staff/2/Folder A | Disk: C:\buroles\workspace\buroles_system\helpers/../uploads/staff/2/Folder A
[2025-10-05 20:57:45] Folder created → DB: uploads/staff/2/Folder A | Disk: C:\buroles\workspace\buroles_system\helpers/../uploads/staff/2/Folder A
[2025-10-05 21:05:26] Folder created → DB: uploads/staff/2/Folder B/FolderC | Disk: C:\buroles\workspace\buroles_system\helpers/../uploads/staff/2/Folder B/FolderC
[2025-10-05 21:07:04] Folder created → DB: uploads/staff/2/D | Disk: C:\buroles\workspace\buroles_system\helpers/../uploads/staff/2/D
[2025-10-05 21:08:13] Folder created → DB: uploads/staff/2/Folder Ballow/Folder 123/as | Disk: C:\buroles\workspace\buroles_system\helpers/../uploads/staff/2/Folder Ballow/Folder 123/as
[2025-10-05 21:18:07] Folder created → DB: uploads/staff/2/Folder A | Disk: C:\buroles\workspace\buroles_system\helpers/../uploads/staff/2/Folder A
[2025-10-05 21:22:56] Folder created → DB: uploads/staff/2/Folder A/Folder B | Disk: C:\buroles\workspace\buroles_system\helpers/../uploads/staff/2/Folder A/Folder B
[2025-10-05 21:23:02] Folder created → DB: uploads/staff/2/Folder A/Folder B/Folder C | Disk: C:\buroles\workspace\buroles_system\helpers/../uploads/staff/2/Folder A/Folder B/Folder C
[2025-10-05 21:24:18] Folder created → DB: uploads/staff/2/Folder 1 | Disk: C:\buroles\workspace\buroles_system\helpers/../uploads/staff/2/Folder 1
[2025-10-05 21:24:25] Folder created → DB: uploads/staff/2/Folder 1/Folder 2 | Disk: C:\buroles\workspace\buroles_system\helpers/../uploads/staff/2/Folder 1/Folder 2
[2025-10-05 21:24:32] Folder created → DB: uploads/staff/2/Folder 1/Folder 2/Folder 3 | Disk: C:\buroles\workspace\buroles_system\helpers/../uploads/staff/2/Folder 1/Folder 2/Folder 3
[2025-10-05 21:26:16] Folder created → DB: uploads/staff/2/Folder A | Disk: C:\buroles\workspace\buroles_system\helpers/../uploads/staff/2/Folder A
[2025-10-05 21:26:22] Folder created → DB: uploads/staff/2/Folder A/Folder B | Disk: C:\buroles\workspace\buroles_system\helpers/../uploads/staff/2/Folder A/Folder B
[2025-10-05 21:27:08] Folder created → DB: uploads/staff/2/Folder B | Disk: C:\buroles\workspace\buroles_system\helpers/../uploads/staff/2/Folder B
[2025-10-05 22:13:07] Folder created → DB: uploads/staff/2/Folder B/Folder A | Disk: C:\buroles\workspace\buroles_system\helpers/../uploads/staff/2/Folder B/Folder A
[2025-10-05 22:50:23] Folder created → DB: uploads/staff/2/Folder A/Alex | Disk: C:\buroles\workspace\buroles_system\helpers/../uploads/staff/2/Folder A/Alex
[2025-10-05 22:55:18] Folder created → DB: uploads/staff/2/Folder C | Disk: C:\buroles\workspace\buroles_system\helpers/../uploads/staff/2/Folder C
[2025-10-05 22:56:18] Folder created → DB: uploads/staff/2/Folder D | Disk: C:\buroles\workspace\buroles_system\helpers/../uploads/staff/2/Folder D
[2025-10-05 22:57:40] Folder created → DB: uploads/staff/2/Folder E | Disk: C:\buroles\workspace\buroles_system\helpers/../uploads/staff/2/Folder E
[2025-10-05 23:11:57] Folder created → DB: uploads/staff/2/Folder E/Folder F | Disk: C:\buroles\workspace\buroles_system\helpers/../uploads/staff/2/Folder E/Folder F
[2025-10-05 23:12:04] Folder created → DB: uploads/staff/2/Folder E/Folder F/Folder G | Disk: C:\buroles\workspace\buroles_system\helpers/../uploads/staff/2/Folder E/Folder F/Folder G
[2025-10-05 23:58:31] Folder created → DB: uploads/staff/13/Abi folder | Disk: C:\buroles\workspace\buroles_system\helpers/../uploads/staff/13/Abi folder
[2025-10-06 00:18:02] Folder created → DB: uploads/staff/2/Folder A | Disk: C:\buroles\workspace\buroles_system\helpers/../uploads/staff/2/Folder A
[2025-10-06 00:18:09] Folder created → DB: uploads/staff/2/Folder A/Folder B | Disk: C:\buroles\workspace\buroles_system\helpers/../uploads/staff/2/Folder A/Folder B
[2025-10-06 00:18:14] Folder created → DB: uploads/staff/2/Folder A/Folder B/Folder C | Disk: C:\buroles\workspace\buroles_system\helpers/../uploads/staff/2/Folder A/Folder B/Folder C
[2025-10-06 16:55:06] Folder created → DB: uploads/staff/8/Garcia | Disk: C:\buroles\workspace\buroles_system\helpers/../uploads/staff/8/Garcia
[2025-10-06 17:08:49] Folder created → DB: uploads/staff/2/Folder B | Disk: C:\buroles\workspace\buroles_system\helpers/../uploads/staff/2/Folder B
[2025-10-06 17:10:46] Folder created → DB: uploads/staff/2/Zoo | Disk: C:\buroles\workspace\buroles_system\helpers/../uploads/staff/2/Zoo
[2025-10-06 17:36:32] Folder created → DB: uploads/staff/13/Abigail | Disk: C:\buroles\workspace\buroles_system\helpers/../uploads/staff/13/Abigail
[2025-10-06 18:04:55] Folder created → DB: uploads/staff/13/Abigail/Folder Bi | Disk: C:\buroles\workspace\buroles_system\helpers/../uploads/staff/13/Abigail/Folder Bi
[2025-10-06 18:05:15] Folder created → DB: uploads/staff/13/Abigail/Folder Bi/Folder Ci | Disk: C:\buroles\workspace\buroles_system\helpers/../uploads/staff/13/Abigail/Folder Bi/Folder Ci
[2025-10-06 18:14:41] Folder created → DB: uploads/staff/13/Abigail/Folder Bi/Folder Ci/Folder Di | Disk: C:\buroles\workspace\buroles_system\helpers/../uploads/staff/13/Abigail/Folder Bi/Folder Ci/Folder Di
[2025-10-06 18:25:53] Folder created → DB: uploads/staff/24/This is nana | Disk: C:\buroles\workspace\buroles_system\helpers/../uploads/staff/24/This is nana
