[2025-10-06 09:47:04] [SharedView] Folder link → Folder B → /pages/staff/file-manager.php?user_id=2&path=Folder A/Folder B&shared=1
[2025-10-06 09:47:05] [SharedView] Folder link → Folder C → /pages/staff/file-manager.php?user_id=2&path=Folder A/Folder B/Folder C&shared=1
[2025-10-06 09:48:22] [SharedView] Folder link → Folder B → /pages/staff/file-manager.php?user_id=2&path=Folder A/Folder B&shared=1
[2025-10-06 09:48:28] [SharedView] Folder link → Folder C → /pages/staff/file-manager.php?user_id=2&path=Folder A/Folder B/Folder C&shared=1
[2025-10-06 09:48:32] [OwnerView] Folder link → Folder C → /pages/staff/file-manager.php?user_id=2&path=Folder A/Folder B/Folder C
[2025-10-06 09:51:09] [SharedView] Folder link → Folder B → /pages/staff/file-manager.php?user_id=2&path=Folder A/Folder B&shared=1
[2025-10-06 09:51:15] [SharedView] Folder link → Folder C → /pages/staff/file-manager.php?user_id=2&path=Folder A/Folder B/Folder C&shared=1
[2025-10-06 09:51:16] [SharedView] Folder link → Folder B → /pages/staff/file-manager.php?user_id=2&path=Folder A/Folder B&shared=1
[2025-10-06 09:52:47] [OwnerView] Folder link → Folder A → /pages/staff/file-manager.php?user_id=2&path=Folder A
[2025-10-06 09:52:52] [OwnerView] Folder link → Folder A → /pages/staff/file-manager.php?user_id=2&path=Folder A
[2025-10-06 09:52:58] [SharedView] Folder link → Folder B → /pages/staff/file-manager.php?user_id=2&path=Folder A/Folder B&shared=1
[2025-10-06 09:53:06] [SharedView] Folder link → Folder B → /pages/staff/file-manager.php?user_id=2&path=Folder A/Folder B&shared=1
[2025-10-06 09:53:08] [SharedView] Folder link → Folder C → /pages/staff/file-manager.php?user_id=2&path=Folder A/Folder B/Folder C&shared=1
[2025-10-06 09:53:25] [SharedView] Folder link → Folder B → /pages/staff/file-manager.php?user_id=2&path=Folder A/Folder B&shared=1
[2025-10-06 09:53:25] [SharedView] Folder link → Folder C → /pages/staff/file-manager.php?user_id=2&path=Folder A/Folder B/Folder C&shared=1
[2025-10-06 09:56:35] [SharedView] Folder link → Folder C → /pages/staff/file-manager.php?user_id=2&path=Folder A/Folder B/Folder C&shared=1
[2025-10-06 09:56:47] [SharedView] Folder link → Folder B → /pages/staff/file-manager.php?user_id=2&path=Folder A/Folder B&shared=1
[2025-10-06 09:56:49] [SharedView] Folder link → Folder C → /pages/staff/file-manager.php?user_id=2&path=Folder A/Folder B/Folder C&shared=1
[2025-10-06 09:56:51] [SharedView] Folder link → Folder B → /pages/staff/file-manager.php?user_id=2&path=Folder A/Folder B&shared=1
[2025-10-06 09:56:53] [SharedView] Folder link → Folder C → /pages/staff/file-manager.php?user_id=2&path=Folder A/Folder B/Folder C&shared=1
[2025-10-06 09:56:56] [SharedView] Folder link → Folder C → /pages/staff/file-manager.php?user_id=2&path=Folder A/Folder B/Folder C&shared=1
[2025-10-06 09:56:57] [SharedView] Folder link → Folder B → /pages/staff/file-manager.php?user_id=2&path=Folder A/Folder B&shared=1
[2025-10-06 09:57:03] [SharedView] Folder link → Folder B → /pages/staff/file-manager.php?user_id=2&path=Folder A/Folder B&shared=1
[2025-10-06 09:57:10] [SharedView] Folder link → Folder B → /pages/staff/file-manager.php?user_id=2&path=Folder A/Folder B&shared=1
[2025-10-06 09:57:10] [SharedView] Folder link → Folder B → /pages/staff/file-manager.php?user_id=2&path=Folder A/Folder B&shared=1
[2025-10-06 09:57:14] [OwnerView] Folder link → Abi folder → /pages/staff/file-manager.php?user_id=13&path=Abi folder
[2025-10-06 09:57:14] [SharedView] Folder link → Folder B → /pages/staff/file-manager.php?user_id=2&path=Folder A/Folder B&shared=1
[2025-10-06 09:57:37] [SharedView] Folder link → Folder B → /pages/staff/file-manager.php?user_id=2&path=Folder A/Folder B&shared=1
