[2025-10-05 21:21:26] Shared folder → uploads/staff/2/Folder A FROM: 2 TO: 13
[2025-10-05 21:23:12] Shared folder → uploads/staff/2/Folder A/Folder B FROM: 2 TO: 13
[2025-10-05 21:24:40] Shared folder → uploads/staff/2/Folder 1/Folder 2 FROM: 2 TO: 13
[2025-10-05 21:24:55] Shared folder → uploads/staff/2/Folder 1 FROM: 2 TO: 13
[2025-10-05 21:26:41] Shared folder → uploads/staff/2/Folder A FROM: 2 TO: 13
[2025-10-05 21:27:12] Shared folder → uploads/staff/2/Folder B FROM: 2 TO: 13
[2025-10-05 21:41:30] Shared folder → uploads/staff/2/Folder B FROM: 2 TO: 13
[2025-10-05 21:43:16] Shared folder → uploads/staff/2/Folder B FROM: 2 TO: 13
[2025-10-05 22:09:17] Shared folder → uploads/staff/2/Folder B FROM: 2 TO: 13
[2025-10-05 22:14:02] Shared folder → uploads/staff/2/Folder A FROM: 2 TO: 13
[2025-10-05 22:15:09] Shared folder → uploads/staff/2/Folder A FROM: 2 TO: 13
[2025-10-05 22:29:01] Shared folder → uploads/staff/2/Folder A FROM: 2 TO: 13
[2025-10-05 22:49:14] Shared folder → uploads/staff/2/Folder B FROM: 2 TO: 13
[2025-10-05 22:49:23] Shared folder → uploads/staff/2/Folder B FROM: 2 TO: 13
[2025-10-05 22:49:48] Shared folder → uploads/staff/2/Folder A FROM: 2 TO: 13
[2025-10-05 22:51:16] Shared folder → uploads/staff/2/Folder A FROM: 2 TO: 13
[2025-10-05 22:51:23] Shared folder → uploads/staff/2/Folder B FROM: 2 TO: 13
[2025-10-05 22:55:22] Shared folder → uploads/staff/2/Folder C FROM: 2 TO: 13
[2025-10-05 22:56:23] Shared folder → uploads/staff/2/Folder D FROM: 2 TO: 13
[2025-10-05 22:57:47] Shared folder → uploads/staff/2/Folder E FROM: 2 TO: 24
[2025-10-05 23:12:28] Shared folder → uploads/staff/2/Folder E/Folder F/Folder G FROM: 2 TO: 13
[2025-10-05 23:32:50] Shared folder → uploads/staff/2/Folder A FROM: 2 TO: 13
[2025-10-05 23:44:23] Shared folder → uploads/staff/2/Folder B FROM: 2 TO: 13
[2025-10-05 23:54:35] Shared folder → uploads/staff/2/Folder E/Folder F FROM: 2 TO: 13
[2025-10-05 23:55:21] Shared folder → uploads/staff/2/Folder E FROM: 2 TO: 13
[2025-10-06 00:12:07] Shared folder → uploads/staff/2/Folder E/Folder F/Folder G FROM: 2 TO: 13
[2025-10-06 00:12:41] Shared folder → uploads/staff/2/Folder E FROM: 2 TO: 13
[2025-10-06 00:23:09] Shared folder → uploads/staff/2/Folder A FROM: 2 TO: 13
[2025-10-06 00:52:49] Shared folder → uploads/staff/2/Folder A FROM: 2 TO: 13
